{"/Users/jun/ShipyardSubsmission/detour/components/ui/Button.tsx": {"path":"/Users/jun/ShipyardSubsmission/detour/components/ui/Button.tsx","statementMap":{"0":{"start":{"line":25,"column":22},"end":{"line":30,"column":3}},"1":{"start":{"line":26,"column":4},"end":{"line":28,"column":5}},"2":{"start":{"line":27,"column":6},"end":{"line":27,"column":61}},"3":{"start":{"line":29,"column":4},"end":{"line":29,"column":14}},"4":{"start":{"line":32,"column":21},"end":{"line":36,"column":3}},"5":{"start":{"line":38,"column":25},"end":{"line":42,"column":3}},"6":{"start":{"line":44,"column":2},"end":{"line":79,"column":3}},"7":{"start":{"line":45,"column":4},"end":{"line":78,"column":6}},"8":{"start":{"line":81,"column":2},"end":{"line":115,"column":3}},"9":{"start":{"line":82,"column":4},"end":{"line":114,"column":6}},"10":{"start":{"line":117,"column":24},"end":{"line":121,"column":3}},"11":{"start":{"line":123,"column":28},"end":{"line":127,"column":3}},"12":{"start":{"line":129,"column":2},"end":{"line":162,"column":4}}},"fnMap":{"0":{"name":"Button","decl":{"start":{"line":15,"column":16},"end":{"line":15,"column":22}},"loc":{"start":{"line":24,"column":16},"end":{"line":163,"column":1}},"line":24},"1":{"name":"(anonymous_1)","decl":{"start":{"line":25,"column":22},"end":{"line":25,"column":23}},"loc":{"start":{"line":25,"column":28},"end":{"line":30,"column":3}},"line":25}},"branchMap":{"0":{"loc":{"start":{"line":18,"column":2},"end":{"line":18,"column":21}},"type":"default-arg","locations":[{"start":{"line":18,"column":12},"end":{"line":18,"column":21}}],"line":18},"1":{"loc":{"start":{"line":19,"column":2},"end":{"line":19,"column":13}},"type":"default-arg","locations":[{"start":{"line":19,"column":9},"end":{"line":19,"column":13}}],"line":19},"2":{"loc":{"start":{"line":20,"column":2},"end":{"line":20,"column":18}},"type":"default-arg","locations":[{"start":{"line":20,"column":13},"end":{"line":20,"column":18}}],"line":20},"3":{"loc":{"start":{"line":21,"column":2},"end":{"line":21,"column":17}},"type":"default-arg","locations":[{"start":{"line":21,"column":12},"end":{"line":21,"column":17}}],"line":21},"4":{"loc":{"start":{"line":23,"column":2},"end":{"line":23,"column":18}},"type":"default-arg","locations":[{"start":{"line":23,"column":14},"end":{"line":23,"column":18}}],"line":23},"5":{"loc":{"start":{"line":26,"column":4},"end":{"line":28,"column":5}},"type":"if","locations":[{"start":{"line":26,"column":4},"end":{"line":28,"column":5}},{"start":{},"end":{}}],"line":26},"6":{"loc":{"start":{"line":44,"column":2},"end":{"line":79,"column":3}},"type":"if","locations":[{"start":{"line":44,"column":2},"end":{"line":79,"column":3}},{"start":{},"end":{}}],"line":44},"7":{"loc":{"start":{"line":48,"column":18},"end":{"line":48,"column":37}},"type":"binary-expr","locations":[{"start":{"line":48,"column":18},"end":{"line":48,"column":26}},{"start":{"line":48,"column":30},"end":{"line":48,"column":37}}],"line":48},"8":{"loc":{"start":{"line":51,"column":17},"end":{"line":51,"column":47}},"type":"cond-expr","locations":[{"start":{"line":51,"column":29},"end":{"line":51,"column":35}},{"start":{"line":51,"column":38},"end":{"line":51,"column":47}}],"line":51},"9":{"loc":{"start":{"line":57,"column":19},"end":{"line":57,"column":37}},"type":"cond-expr","locations":[{"start":{"line":57,"column":30},"end":{"line":57,"column":33}},{"start":{"line":57,"column":36},"end":{"line":57,"column":37}}],"line":57},"10":{"loc":{"start":{"line":61,"column":9},"end":{"line":76,"column":9}},"type":"cond-expr","locations":[{"start":{"line":62,"column":10},"end":{"line":62,"column":44}},{"start":{"line":64,"column":10},"end":{"line":75,"column":17}}],"line":61},"11":{"loc":{"start":{"line":81,"column":2},"end":{"line":115,"column":3}},"type":"if","locations":[{"start":{"line":81,"column":2},"end":{"line":115,"column":3}},{"start":{},"end":{}}],"line":81},"12":{"loc":{"start":{"line":85,"column":18},"end":{"line":85,"column":37}},"type":"binary-expr","locations":[{"start":{"line":85,"column":18},"end":{"line":85,"column":26}},{"start":{"line":85,"column":30},"end":{"line":85,"column":37}}],"line":85},"13":{"loc":{"start":{"line":88,"column":17},"end":{"line":88,"column":47}},"type":"cond-expr","locations":[{"start":{"line":88,"column":29},"end":{"line":88,"column":35}},{"start":{"line":88,"column":38},"end":{"line":88,"column":47}}],"line":88},"14":{"loc":{"start":{"line":97,"column":9},"end":{"line":112,"column":9}},"type":"cond-expr","locations":[{"start":{"line":98,"column":10},"end":{"line":98,"column":47}},{"start":{"line":100,"column":10},"end":{"line":111,"column":17}}],"line":97},"15":{"loc":{"start":{"line":106,"column":23},"end":{"line":106,"column":52}},"type":"cond-expr","locations":[{"start":{"line":106,"column":34},"end":{"line":106,"column":43}},{"start":{"line":106,"column":46},"end":{"line":106,"column":52}}],"line":106},"16":{"loc":{"start":{"line":132,"column":16},"end":{"line":132,"column":35}},"type":"binary-expr","locations":[{"start":{"line":132,"column":16},"end":{"line":132,"column":24}},{"start":{"line":132,"column":28},"end":{"line":132,"column":35}}],"line":132},"17":{"loc":{"start":{"line":139,"column":15},"end":{"line":139,"column":45}},"type":"cond-expr","locations":[{"start":{"line":139,"column":27},"end":{"line":139,"column":33}},{"start":{"line":139,"column":36},"end":{"line":139,"column":45}}],"line":139},"18":{"loc":{"start":{"line":140,"column":17},"end":{"line":140,"column":35}},"type":"cond-expr","locations":[{"start":{"line":140,"column":28},"end":{"line":140,"column":31}},{"start":{"line":140,"column":34},"end":{"line":140,"column":35}}],"line":140},"19":{"loc":{"start":{"line":145,"column":7},"end":{"line":160,"column":7}},"type":"cond-expr","locations":[{"start":{"line":146,"column":8},"end":{"line":146,"column":80}},{"start":{"line":148,"column":8},"end":{"line":159,"column":15}}],"line":145},"20":{"loc":{"start":{"line":146,"column":34},"end":{"line":146,"column":76}},"type":"cond-expr","locations":[{"start":{"line":146,"column":58},"end":{"line":146,"column":67}},{"start":{"line":146,"column":70},"end":{"line":146,"column":76}}],"line":146}},"s":{"0":2,"1":1,"2":1,"3":1,"4":2,"5":2,"6":2,"7":0,"8":2,"9":2,"10":0,"11":0,"12":0},"f":{"0":2,"1":1},"b":{"0":[2],"1":[2],"2":[2],"3":[2],"4":[2],"5":[1,0],"6":[0,2],"7":[0,0],"8":[0,0],"9":[0,0],"10":[0,0],"11":[2,0],"12":[2,2],"13":[2,0],"14":[0,2],"15":[0,2],"16":[0,0],"17":[0,0],"18":[0,0],"19":[0,0],"20":[0,0]},"_coverageSchema":"1a1c01bbd47fc00a2c39e90264f33305004495a9","hash":"22d3bf89f3d02900cd5265beb885e6b33e9b9d11"}
,"/Users/jun/ShipyardSubsmission/detour/components/ui/Input.tsx": {"path":"/Users/jun/ShipyardSubsmission/detour/components/ui/Input.tsx","statementMap":{"0":{"start":{"line":28,"column":2},"end":{"line":84,"column":4}}},"fnMap":{"0":{"name":"Input","decl":{"start":{"line":16,"column":16},"end":{"line":16,"column":21}},"loc":{"start":{"line":27,"column":15},"end":{"line":85,"column":1}},"line":27}},"branchMap":{"0":{"loc":{"start":{"line":21,"column":2},"end":{"line":21,"column":26}},"type":"default-arg","locations":[{"start":{"line":21,"column":17},"end":{"line":21,"column":26}}],"line":21},"1":{"loc":{"start":{"line":22,"column":2},"end":{"line":22,"column":30}},"type":"default-arg","locations":[{"start":{"line":22,"column":19},"end":{"line":22,"column":30}}],"line":22},"2":{"loc":{"start":{"line":24,"column":2},"end":{"line":24,"column":19}},"type":"default-arg","locations":[{"start":{"line":24,"column":14},"end":{"line":24,"column":19}}],"line":24},"3":{"loc":{"start":{"line":25,"column":2},"end":{"line":25,"column":19}},"type":"default-arg","locations":[{"start":{"line":25,"column":18},"end":{"line":25,"column":19}}],"line":25},"4":{"loc":{"start":{"line":30,"column":7},"end":{"line":37,"column":7}},"type":"binary-expr","locations":[{"start":{"line":30,"column":7},"end":{"line":30,"column":12}},{"start":{"line":31,"column":8},"end":{"line":36,"column":15}}],"line":30},"5":{"loc":{"start":{"line":49,"column":9},"end":{"line":60,"column":9}},"type":"binary-expr","locations":[{"start":{"line":49,"column":9},"end":{"line":49,"column":15}},{"start":{"line":50,"column":10},"end":{"line":59,"column":17}}],"line":49},"6":{"loc":{"start":{"line":76,"column":31},"end":{"line":76,"column":59}},"type":"cond-expr","locations":[{"start":{"line":76,"column":43},"end":{"line":76,"column":48}},{"start":{"line":76,"column":51},"end":{"line":76,"column":59}}],"line":76},"7":{"loc":{"start":{"line":77,"column":23},"end":{"line":77,"column":50}},"type":"cond-expr","locations":[{"start":{"line":77,"column":35},"end":{"line":77,"column":38}},{"start":{"line":77,"column":41},"end":{"line":77,"column":50}}],"line":77}},"s":{"0":6},"f":{"0":6},"b":{"0":[6],"1":[6],"2":[6],"3":[6],"4":[6,1],"5":[6,1],"6":[0,6],"7":[0,6]},"_coverageSchema":"1a1c01bbd47fc00a2c39e90264f33305004495a9","hash":"b2262ab2fcff5330c40190777d3411b6ec060135"}
,"/Users/jun/ShipyardSubsmission/detour/components/ui/OnboardingLayout.tsx": {"path":"/Users/jun/ShipyardSubsmission/detour/components/ui/OnboardingLayout.tsx","statementMap":{"0":{"start":{"line":32,"column":17},"end":{"line":32,"column":28}},"1":{"start":{"line":35,"column":4},"end":{"line":103,"column":7}},"2":{"start":{"line":40,"column":29},"end":{"line":40,"column":42}},"3":{"start":{"line":106,"column":2},"end":{"line":122,"column":4}}},"fnMap":{"0":{"name":"OnboardingLayout","decl":{"start":{"line":20,"column":16},"end":{"line":20,"column":32}},"loc":{"start":{"line":31,"column":26},"end":{"line":123,"column":1}},"line":31},"1":{"name":"(anonymous_1)","decl":{"start":{"line":40,"column":23},"end":{"line":40,"column":24}},"loc":{"start":{"line":40,"column":29},"end":{"line":40,"column":42}},"line":40}},"branchMap":{"0":{"loc":{"start":{"line":25,"column":2},"end":{"line":25,"column":17}},"type":"default-arg","locations":[{"start":{"line":25,"column":15},"end":{"line":25,"column":17}}],"line":25},"1":{"loc":{"start":{"line":26,"column":2},"end":{"line":26,"column":17}},"type":"default-arg","locations":[{"start":{"line":26,"column":13},"end":{"line":26,"column":17}}],"line":26},"2":{"loc":{"start":{"line":27,"column":2},"end":{"line":27,"column":18}},"type":"default-arg","locations":[{"start":{"line":27,"column":13},"end":{"line":27,"column":18}}],"line":27},"3":{"loc":{"start":{"line":29,"column":2},"end":{"line":29,"column":20}},"type":"default-arg","locations":[{"start":{"line":29,"column":15},"end":{"line":29,"column":20}}],"line":29},"4":{"loc":{"start":{"line":38,"column":11},"end":{"line":47,"column":11}},"type":"cond-expr","locations":[{"start":{"line":39,"column":12},"end":{"line":44,"column":31}},{"start":{"line":46,"column":12},"end":{"line":46,"column":42}}],"line":38},"5":{"loc":{"start":{"line":49,"column":11},"end":{"line":53,"column":11}},"type":"binary-expr","locations":[{"start":{"line":49,"column":11},"end":{"line":49,"column":36}},{"start":{"line":50,"column":12},"end":{"line":52,"column":19}}],"line":49},"6":{"loc":{"start":{"line":55,"column":11},"end":{"line":66,"column":11}},"type":"cond-expr","locations":[{"start":{"line":56,"column":12},"end":{"line":63,"column":31}},{"start":{"line":65,"column":12},"end":{"line":65,"column":37}}],"line":55},"7":{"loc":{"start":{"line":75,"column":9},"end":{"line":82,"column":9}},"type":"binary-expr","locations":[{"start":{"line":75,"column":9},"end":{"line":75,"column":17}},{"start":{"line":76,"column":10},"end":{"line":81,"column":17}}],"line":75},"8":{"loc":{"start":{"line":85,"column":7},"end":{"line":96,"column":7}},"type":"cond-expr","locations":[{"start":{"line":86,"column":8},"end":{"line":93,"column":21}},{"start":{"line":95,"column":8},"end":{"line":95,"column":55}}],"line":85},"9":{"loc":{"start":{"line":98,"column":7},"end":{"line":102,"column":7}},"type":"binary-expr","locations":[{"start":{"line":98,"column":7},"end":{"line":98,"column":13}},{"start":{"line":99,"column":8},"end":{"line":101,"column":15}}],"line":98},"10":{"loc":{"start":{"line":114,"column":20},"end":{"line":114,"column":64}},"type":"cond-expr","locations":[{"start":{"line":114,"column":44},"end":{"line":114,"column":53}},{"start":{"line":114,"column":56},"end":{"line":114,"column":64}}],"line":114}},"s":{"0":6,"1":6,"2":0,"3":6},"f":{"0":6,"1":0},"b":{"0":[5],"1":[6],"2":[6],"3":[6],"4":[6,0],"5":[6,1],"6":[0,6],"7":[6,1],"8":[0,6],"9":[6,1],"10":[6,0]},"_coverageSchema":"1a1c01bbd47fc00a2c39e90264f33305004495a9","hash":"a05d1ac7cb7074a46ea6326a642403d6e73cc1ed"}
,"/Users/jun/ShipyardSubsmission/detour/components/ui/ProgressBar.tsx": {"path":"/Users/jun/ShipyardSubsmission/detour/components/ui/ProgressBar.tsx","statementMap":{"0":{"start":{"line":10,"column":19},"end":{"line":10,"column":42}},"1":{"start":{"line":12,"column":2},"end":{"line":33,"column":4}}},"fnMap":{"0":{"name":"ProgressBar","decl":{"start":{"line":9,"column":16},"end":{"line":9,"column":27}},"loc":{"start":{"line":9,"column":66},"end":{"line":34,"column":1}},"line":9}},"branchMap":{},"s":{"0":5,"1":5},"f":{"0":5},"b":{},"_coverageSchema":"1a1c01bbd47fc00a2c39e90264f33305004495a9","hash":"b58bb306cdd905721006b1e654f3bda30221fb0c"}
,"/Users/jun/ShipyardSubsmission/detour/components/ui/SelectionChip.tsx": {"path":"/Users/jun/ShipyardSubsmission/detour/components/ui/SelectionChip.tsx","statementMap":{"0":{"start":{"line":11,"column":29},"end":{"line":29,"column":2}},"1":{"start":{"line":12,"column":2},"end":{"line":28,"column":4}}},"fnMap":{"0":{"name":"SelectionChip","decl":{"start":{"line":11,"column":49},"end":{"line":11,"column":62}},"loc":{"start":{"line":11,"column":120},"end":{"line":29,"column":1}},"line":11}},"branchMap":{"0":{"loc":{"start":{"line":16,"column":8},"end":{"line":16,"column":83}},"type":"cond-expr","locations":[{"start":{"line":16,"column":19},"end":{"line":16,"column":51}},{"start":{"line":16,"column":54},"end":{"line":16,"column":83}}],"line":16},"1":{"loc":{"start":{"line":21,"column":32},"end":{"line":21,"column":79}},"type":"cond-expr","locations":[{"start":{"line":21,"column":43},"end":{"line":21,"column":64}},{"start":{"line":21,"column":67},"end":{"line":21,"column":79}}],"line":21},"2":{"loc":{"start":{"line":25,"column":9},"end":{"line":25,"column":44}},"type":"cond-expr","locations":[{"start":{"line":25,"column":17},"end":{"line":25,"column":36}},{"start":{"line":25,"column":39},"end":{"line":25,"column":44}}],"line":25}},"s":{"0":1,"1":6},"f":{"0":6},"b":{"0":[2,4],"1":[2,4],"2":[1,5]},"_coverageSchema":"1a1c01bbd47fc00a2c39e90264f33305004495a9","hash":"e4367d2581b2a7e29b390f4fc238fbc9fb2284ef"}
,"/Users/jun/ShipyardSubsmission/detour/context/RevenueCatContext.tsx": {"path":"/Users/jun/ShipyardSubsmission/detour/context/RevenueCatContext.tsx","statementMap":{"0":{"start":{"line":13,"column":39},"end":{"line":13,"column":52}},"1":{"start":{"line":30,"column":26},"end":{"line":30,"column":86}},"2":{"start":{"line":32,"column":18},"end":{"line":40,"column":1}},"3":{"start":{"line":33,"column":2},"end":{"line":35,"column":3}},"4":{"start":{"line":34,"column":4},"end":{"line":34,"column":59}},"5":{"start":{"line":36,"column":2},"end":{"line":38,"column":3}},"6":{"start":{"line":37,"column":4},"end":{"line":37,"column":63}},"7":{"start":{"line":39,"column":2},"end":{"line":39,"column":12}},"8":{"start":{"line":43,"column":31},"end":{"line":43,"column":40}},"9":{"start":{"line":44,"column":42},"end":{"line":44,"column":57}},"10":{"start":{"line":45,"column":36},"end":{"line":45,"column":51}},"11":{"start":{"line":46,"column":42},"end":{"line":46,"column":77}},"12":{"start":{"line":47,"column":36},"end":{"line":47,"column":77}},"13":{"start":{"line":48,"column":24},"end":{"line":48,"column":51}},"14":{"start":{"line":50,"column":2},"end":{"line":89,"column":39}},"15":{"start":{"line":51,"column":4},"end":{"line":51,"column":38}},"16":{"start":{"line":51,"column":31},"end":{"line":51,"column":38}},"17":{"start":{"line":52,"column":4},"end":{"line":52,"column":26}},"18":{"start":{"line":52,"column":19},"end":{"line":52,"column":26}},"19":{"start":{"line":54,"column":19},"end":{"line":54,"column":30}},"20":{"start":{"line":55,"column":4},"end":{"line":58,"column":5}},"21":{"start":{"line":56,"column":6},"end":{"line":56,"column":88}},"22":{"start":{"line":57,"column":6},"end":{"line":57,"column":13}},"23":{"start":{"line":60,"column":4},"end":{"line":75,"column":5}},"24":{"start":{"line":61,"column":6},"end":{"line":63,"column":7}},"25":{"start":{"line":62,"column":8},"end":{"line":62,"column":49}},"26":{"start":{"line":64,"column":6},"end":{"line":73,"column":7}},"27":{"start":{"line":65,"column":8},"end":{"line":68,"column":11}},"28":{"start":{"line":69,"column":8},"end":{"line":69,"column":47}},"29":{"start":{"line":70,"column":8},"end":{"line":70,"column":30}},"30":{"start":{"line":72,"column":8},"end":{"line":72,"column":84}},"31":{"start":{"line":74,"column":6},"end":{"line":74,"column":13}},"32":{"start":{"line":77,"column":4},"end":{"line":88,"column":5}},"33":{"start":{"line":78,"column":6},"end":{"line":78,"column":45}},"34":{"start":{"line":79,"column":6},"end":{"line":87,"column":7}},"35":{"start":{"line":80,"column":8},"end":{"line":82,"column":11}},"36":{"start":{"line":81,"column":10},"end":{"line":81,"column":57}},"37":{"start":{"line":84,"column":8},"end":{"line":86,"column":11}},"38":{"start":{"line":85,"column":10},"end":{"line":85,"column":58}},"39":{"start":{"line":91,"column":30},"end":{"line":100,"column":8}},"40":{"start":{"line":92,"column":4},"end":{"line":99,"column":5}},"41":{"start":{"line":93,"column":19},"end":{"line":93,"column":52}},"42":{"start":{"line":94,"column":6},"end":{"line":94,"column":28}},"43":{"start":{"line":95,"column":6},"end":{"line":95,"column":18}},"44":{"start":{"line":97,"column":6},"end":{"line":97,"column":70}},"45":{"start":{"line":98,"column":6},"end":{"line":98,"column":18}},"46":{"start":{"line":102,"column":27},"end":{"line":115,"column":8}},"47":{"start":{"line":103,"column":4},"end":{"line":114,"column":5}},"48":{"start":{"line":104,"column":30},"end":{"line":104,"column":60}},"49":{"start":{"line":105,"column":6},"end":{"line":105,"column":36}},"50":{"start":{"line":106,"column":6},"end":{"line":106,"column":29}},"51":{"start":{"line":110,"column":6},"end":{"line":112,"column":7}},"52":{"start":{"line":111,"column":8},"end":{"line":111,"column":102}},"53":{"start":{"line":113,"column":6},"end":{"line":113,"column":18}},"54":{"start":{"line":117,"column":2},"end":{"line":132,"column":60}},"55":{"start":{"line":118,"column":4},"end":{"line":118,"column":30}},"56":{"start":{"line":118,"column":23},"end":{"line":118,"column":30}},"57":{"start":{"line":120,"column":4},"end":{"line":120,"column":23}},"58":{"start":{"line":121,"column":4},"end":{"line":123,"column":7}},"59":{"start":{"line":122,"column":6},"end":{"line":122,"column":26}},"60":{"start":{"line":125,"column":21},"end":{"line":127,"column":5}},"61":{"start":{"line":126,"column":6},"end":{"line":126,"column":28}},"62":{"start":{"line":128,"column":4},"end":{"line":128,"column":54}},"63":{"start":{"line":129,"column":4},"end":{"line":131,"column":6}},"64":{"start":{"line":130,"column":6},"end":{"line":130,"column":59}},"65":{"start":{"line":134,"column":26},"end":{"line":143,"column":8}},"66":{"start":{"line":135,"column":4},"end":{"line":142,"column":5}},"67":{"start":{"line":136,"column":44},"end":{"line":136,"column":80}},"68":{"start":{"line":137,"column":6},"end":{"line":137,"column":35}},"69":{"start":{"line":138,"column":6},"end":{"line":138,"column":25}},"70":{"start":{"line":140,"column":6},"end":{"line":140,"column":44}},"71":{"start":{"line":140,"column":32},"end":{"line":140,"column":44}},"72":{"start":{"line":141,"column":6},"end":{"line":141,"column":18}},"73":{"start":{"line":145,"column":27},"end":{"line":154,"column":8}},"74":{"start":{"line":146,"column":4},"end":{"line":153,"column":5}},"75":{"start":{"line":147,"column":19},"end":{"line":147,"column":53}},"76":{"start":{"line":148,"column":6},"end":{"line":148,"column":28}},"77":{"start":{"line":149,"column":6},"end":{"line":149,"column":18}},"78":{"start":{"line":151,"column":6},"end":{"line":151,"column":55}},"79":{"start":{"line":152,"column":6},"end":{"line":152,"column":18}},"80":{"start":{"line":156,"column":25},"end":{"line":166,"column":26}},"81":{"start":{"line":157,"column":4},"end":{"line":165,"column":5}},"82":{"start":{"line":158,"column":6},"end":{"line":160,"column":7}},"83":{"start":{"line":159,"column":8},"end":{"line":159,"column":82}},"84":{"start":{"line":161,"column":6},"end":{"line":161,"column":49}},"85":{"start":{"line":163,"column":6},"end":{"line":163,"column":54}},"86":{"start":{"line":164,"column":6},"end":{"line":164,"column":34}},"87":{"start":{"line":168,"column":33},"end":{"line":177,"column":8}},"88":{"start":{"line":169,"column":4},"end":{"line":176,"column":5}},"89":{"start":{"line":170,"column":6},"end":{"line":172,"column":9}},"90":{"start":{"line":174,"column":6},"end":{"line":174,"column":64}},"91":{"start":{"line":175,"column":6},"end":{"line":175,"column":34}},"92":{"start":{"line":179,"column":29},"end":{"line":185,"column":8}},"93":{"start":{"line":180,"column":4},"end":{"line":184,"column":5}},"94":{"start":{"line":181,"column":6},"end":{"line":181,"column":49}},"95":{"start":{"line":183,"column":6},"end":{"line":183,"column":62}},"96":{"start":{"line":187,"column":24},"end":{"line":190,"column":3}},"97":{"start":{"line":188,"column":10},"end":{"line":188,"column":79}},"98":{"start":{"line":192,"column":16},"end":{"line":221,"column":3}},"99":{"start":{"line":193,"column":11},"end":{"line":206,"column":5}},"100":{"start":{"line":223,"column":2},"end":{"line":223,"column":91}},"101":{"start":{"line":227,"column":18},"end":{"line":227,"column":47}},"102":{"start":{"line":228,"column":2},"end":{"line":230,"column":3}},"103":{"start":{"line":229,"column":4},"end":{"line":229,"column":78}},"104":{"start":{"line":231,"column":2},"end":{"line":231,"column":17}}},"fnMap":{"0":{"name":"(anonymous_0)","decl":{"start":{"line":32,"column":18},"end":{"line":32,"column":19}},"loc":{"start":{"line":32,"column":24},"end":{"line":40,"column":1}},"line":32},"1":{"name":"RevenueCatProvider","decl":{"start":{"line":42,"column":16},"end":{"line":42,"column":34}},"loc":{"start":{"line":42,"column":80},"end":{"line":224,"column":1}},"line":42},"2":{"name":"(anonymous_2)","decl":{"start":{"line":50,"column":12},"end":{"line":50,"column":13}},"loc":{"start":{"line":50,"column":18},"end":{"line":89,"column":3}},"line":50},"3":{"name":"(anonymous_3)","decl":{"start":{"line":80,"column":38},"end":{"line":80,"column":39}},"loc":{"start":{"line":80,"column":49},"end":{"line":82,"column":9}},"line":80},"4":{"name":"(anonymous_4)","decl":{"start":{"line":84,"column":33},"end":{"line":84,"column":34}},"loc":{"start":{"line":84,"column":44},"end":{"line":86,"column":9}},"line":84},"5":{"name":"(anonymous_5)","decl":{"start":{"line":91,"column":42},"end":{"line":91,"column":43}},"loc":{"start":{"line":91,"column":54},"end":{"line":100,"column":3}},"line":91},"6":{"name":"(anonymous_6)","decl":{"start":{"line":102,"column":39},"end":{"line":102,"column":40}},"loc":{"start":{"line":102,"column":51},"end":{"line":115,"column":3}},"line":102},"7":{"name":"(anonymous_7)","decl":{"start":{"line":117,"column":12},"end":{"line":117,"column":13}},"loc":{"start":{"line":117,"column":18},"end":{"line":132,"column":3}},"line":117},"8":{"name":"(anonymous_8)","decl":{"start":{"line":121,"column":69},"end":{"line":121,"column":70}},"loc":{"start":{"line":121,"column":75},"end":{"line":123,"column":5}},"line":121},"9":{"name":"(anonymous_9)","decl":{"start":{"line":125,"column":21},"end":{"line":125,"column":22}},"loc":{"start":{"line":125,"column":45},"end":{"line":127,"column":5}},"line":125},"10":{"name":"(anonymous_10)","decl":{"start":{"line":129,"column":11},"end":{"line":129,"column":12}},"loc":{"start":{"line":129,"column":17},"end":{"line":131,"column":5}},"line":129},"11":{"name":"(anonymous_11)","decl":{"start":{"line":134,"column":38},"end":{"line":134,"column":39}},"loc":{"start":{"line":134,"column":71},"end":{"line":143,"column":3}},"line":134},"12":{"name":"(anonymous_12)","decl":{"start":{"line":145,"column":39},"end":{"line":145,"column":40}},"loc":{"start":{"line":145,"column":51},"end":{"line":154,"column":3}},"line":145},"13":{"name":"(anonymous_13)","decl":{"start":{"line":156,"column":37},"end":{"line":156,"column":38}},"loc":{"start":{"line":156,"column":49},"end":{"line":166,"column":3}},"line":156},"14":{"name":"(anonymous_14)","decl":{"start":{"line":168,"column":45},"end":{"line":168,"column":46}},"loc":{"start":{"line":168,"column":57},"end":{"line":177,"column":3}},"line":168},"15":{"name":"(anonymous_15)","decl":{"start":{"line":179,"column":41},"end":{"line":179,"column":42}},"loc":{"start":{"line":179,"column":53},"end":{"line":185,"column":3}},"line":179},"16":{"name":"(anonymous_16)","decl":{"start":{"line":188,"column":4},"end":{"line":188,"column":5}},"loc":{"start":{"line":188,"column":10},"end":{"line":188,"column":79}},"line":188},"17":{"name":"(anonymous_17)","decl":{"start":{"line":193,"column":4},"end":{"line":193,"column":5}},"loc":{"start":{"line":193,"column":11},"end":{"line":206,"column":5}},"line":193},"18":{"name":"useRevenueCat","decl":{"start":{"line":226,"column":16},"end":{"line":226,"column":29}},"loc":{"start":{"line":226,"column":32},"end":{"line":232,"column":1}},"line":226}},"branchMap":{"0":{"loc":{"start":{"line":33,"column":2},"end":{"line":35,"column":3}},"type":"if","locations":[{"start":{"line":33,"column":2},"end":{"line":35,"column":3}},{"start":{},"end":{}}],"line":33},"1":{"loc":{"start":{"line":34,"column":11},"end":{"line":34,"column":58}},"type":"binary-expr","locations":[{"start":{"line":34,"column":11},"end":{"line":34,"column":31}},{"start":{"line":34,"column":35},"end":{"line":34,"column":52}},{"start":{"line":34,"column":56},"end":{"line":34,"column":58}}],"line":34},"2":{"loc":{"start":{"line":36,"column":2},"end":{"line":38,"column":3}},"type":"if","locations":[{"start":{"line":36,"column":2},"end":{"line":38,"column":3}},{"start":{},"end":{}}],"line":36},"3":{"loc":{"start":{"line":37,"column":11},"end":{"line":37,"column":62}},"type":"binary-expr","locations":[{"start":{"line":37,"column":11},"end":{"line":37,"column":35}},{"start":{"line":37,"column":39},"end":{"line":37,"column":56}},{"start":{"line":37,"column":60},"end":{"line":37,"column":62}}],"line":37},"4":{"loc":{"start":{"line":51,"column":4},"end":{"line":51,"column":38}},"type":"if","locations":[{"start":{"line":51,"column":4},"end":{"line":51,"column":38}},{"start":{},"end":{}}],"line":51},"5":{"loc":{"start":{"line":52,"column":4},"end":{"line":52,"column":26}},"type":"if","locations":[{"start":{"line":52,"column":4},"end":{"line":52,"column":26}},{"start":{},"end":{}}],"line":52},"6":{"loc":{"start":{"line":55,"column":4},"end":{"line":58,"column":5}},"type":"if","locations":[{"start":{"line":55,"column":4},"end":{"line":58,"column":5}},{"start":{},"end":{}}],"line":55},"7":{"loc":{"start":{"line":60,"column":4},"end":{"line":75,"column":5}},"type":"if","locations":[{"start":{"line":60,"column":4},"end":{"line":75,"column":5}},{"start":{},"end":{}}],"line":60},"8":{"loc":{"start":{"line":61,"column":6},"end":{"line":63,"column":7}},"type":"if","locations":[{"start":{"line":61,"column":6},"end":{"line":63,"column":7}},{"start":{},"end":{}}],"line":61},"9":{"loc":{"start":{"line":67,"column":21},"end":{"line":67,"column":40}},"type":"binary-expr","locations":[{"start":{"line":67,"column":21},"end":{"line":67,"column":27}},{"start":{"line":67,"column":31},"end":{"line":67,"column":40}}],"line":67},"10":{"loc":{"start":{"line":69,"column":32},"end":{"line":69,"column":46}},"type":"binary-expr","locations":[{"start":{"line":69,"column":32},"end":{"line":69,"column":38}},{"start":{"line":69,"column":42},"end":{"line":69,"column":46}}],"line":69},"11":{"loc":{"start":{"line":77,"column":4},"end":{"line":88,"column":5}},"type":"if","locations":[{"start":{"line":77,"column":4},"end":{"line":88,"column":5}},{"start":{},"end":{}}],"line":77},"12":{"loc":{"start":{"line":78,"column":30},"end":{"line":78,"column":44}},"type":"binary-expr","locations":[{"start":{"line":78,"column":30},"end":{"line":78,"column":36}},{"start":{"line":78,"column":40},"end":{"line":78,"column":44}}],"line":78},"13":{"loc":{"start":{"line":79,"column":6},"end":{"line":87,"column":7}},"type":"if","locations":[{"start":{"line":79,"column":6},"end":{"line":87,"column":7}},{"start":{"line":83,"column":13},"end":{"line":87,"column":7}}],"line":79},"14":{"loc":{"start":{"line":110,"column":6},"end":{"line":112,"column":7}},"type":"if","locations":[{"start":{"line":110,"column":6},"end":{"line":112,"column":7}},{"start":{},"end":{}}],"line":110},"15":{"loc":{"start":{"line":118,"column":4},"end":{"line":118,"column":30}},"type":"if","locations":[{"start":{"line":118,"column":4},"end":{"line":118,"column":30}},{"start":{},"end":{}}],"line":118},"16":{"loc":{"start":{"line":140,"column":6},"end":{"line":140,"column":44}},"type":"if","locations":[{"start":{"line":140,"column":6},"end":{"line":140,"column":44}},{"start":{},"end":{}}],"line":140},"17":{"loc":{"start":{"line":158,"column":6},"end":{"line":160,"column":7}},"type":"if","locations":[{"start":{"line":158,"column":6},"end":{"line":160,"column":7}},{"start":{},"end":{}}],"line":158},"18":{"loc":{"start":{"line":228,"column":2},"end":{"line":230,"column":3}},"type":"if","locations":[{"start":{"line":228,"column":2},"end":{"line":230,"column":3}},{"start":{},"end":{}}],"line":228}},"s":{"0":1,"1":1,"2":1,"3":6,"4":6,"5":0,"6":0,"7":0,"8":12,"9":12,"10":12,"11":12,"12":12,"13":12,"14":12,"15":6,"16":0,"17":6,"18":0,"19":6,"20":6,"21":0,"22":0,"23":6,"24":3,"25":3,"26":3,"27":3,"28":3,"29":3,"30":0,"31":3,"32":3,"33":0,"34":0,"35":0,"36":0,"37":0,"38":0,"39":12,"40":3,"41":3,"42":3,"43":3,"44":0,"45":0,"46":12,"47":3,"48":3,"49":3,"50":3,"51":0,"52":0,"53":0,"54":12,"55":6,"56":3,"57":3,"58":3,"59":3,"60":3,"61":0,"62":3,"63":3,"64":3,"65":12,"66":0,"67":0,"68":0,"69":0,"70":0,"71":0,"72":0,"73":12,"74":0,"75":0,"76":0,"77":0,"78":0,"79":0,"80":12,"81":0,"82":0,"83":0,"84":0,"85":0,"86":0,"87":12,"88":0,"89":0,"90":0,"91":0,"92":12,"93":0,"94":0,"95":0,"96":12,"97":6,"98":12,"99":12,"100":12,"101":10,"102":10,"103":2,"104":8},"f":{"0":6,"1":12,"2":6,"3":0,"4":0,"5":3,"6":3,"7":6,"8":3,"9":0,"10":3,"11":0,"12":0,"13":0,"14":0,"15":0,"16":6,"17":12,"18":10},"b":{"0":[6,0],"1":[6,0,0],"2":[0,0],"3":[0,0,0],"4":[0,6],"5":[0,6],"6":[0,6],"7":[3,3],"8":[3,0],"9":[3,0],"10":[3,0],"11":[0,3],"12":[0,0],"13":[0,0],"14":[0,0],"15":[3,3],"16":[0,0],"17":[0,0],"18":[2,8]},"_coverageSchema":"1a1c01bbd47fc00a2c39e90264f33305004495a9","hash":"4cc2beb83db5883bf79ba3c00b0553e97f5eb304"}
,"/Users/jun/ShipyardSubsmission/detour/hooks/useAuthenticatedUser.ts": {"path":"/Users/jun/ShipyardSubsmission/detour/hooks/useAuthenticatedUser.ts","statementMap":{"0":{"start":{"line":6,"column":48},"end":{"line":6,"column":57}},"1":{"start":{"line":7,"column":77},"end":{"line":7,"column":92}},"2":{"start":{"line":10,"column":21},"end":{"line":13,"column":3}},"3":{"start":{"line":15,"column":20},"end":{"line":15,"column":102}},"4":{"start":{"line":17,"column":2},"end":{"line":26,"column":4}}},"fnMap":{"0":{"name":"useAuthenticatedUser","decl":{"start":{"line":5,"column":16},"end":{"line":5,"column":36}},"loc":{"start":{"line":5,"column":39},"end":{"line":27,"column":1}},"line":5}},"branchMap":{"0":{"loc":{"start":{"line":12,"column":4},"end":{"line":12,"column":37}},"type":"cond-expr","locations":[{"start":{"line":12,"column":26},"end":{"line":12,"column":28}},{"start":{"line":12,"column":31},"end":{"line":12,"column":37}}],"line":12},"1":{"loc":{"start":{"line":15,"column":20},"end":{"line":15,"column":102}},"type":"binary-expr","locations":[{"start":{"line":15,"column":20},"end":{"line":15,"column":32}},{"start":{"line":15,"column":36},"end":{"line":15,"column":49}},{"start":{"line":15,"column":54},"end":{"line":15,"column":73}},{"start":{"line":15,"column":77},"end":{"line":15,"column":101}}],"line":15},"2":{"loc":{"start":{"line":18,"column":16},"end":{"line":18,"column":35}},"type":"binary-expr","locations":[{"start":{"line":18,"column":16},"end":{"line":18,"column":26}},{"start":{"line":18,"column":30},"end":{"line":18,"column":35}}],"line":18},"3":{"loc":{"start":{"line":23,"column":21},"end":{"line":23,"column":77}},"type":"binary-expr","locations":[{"start":{"line":23,"column":21},"end":{"line":23,"column":31}},{"start":{"line":23,"column":35},"end":{"line":23,"column":54}},{"start":{"line":23,"column":58},"end":{"line":23,"column":77}}],"line":23},"4":{"loc":{"start":{"line":24,"column":28},"end":{"line":24,"column":75}},"type":"binary-expr","locations":[{"start":{"line":24,"column":28},"end":{"line":24,"column":47}},{"start":{"line":24,"column":51},"end":{"line":24,"column":75}}],"line":24},"5":{"loc":{"start":{"line":25,"column":16},"end":{"line":25,"column":46}},"type":"binary-expr","locations":[{"start":{"line":25,"column":16},"end":{"line":25,"column":38}},{"start":{"line":25,"column":42},"end":{"line":25,"column":46}}],"line":25}},"s":{"0":6,"1":6,"2":6,"3":6,"4":6},"f":{"0":6},"b":{"0":[3,3],"1":[6,5,4,3],"2":[6,1],"3":[6,4,3],"4":[6,5],"5":[6,5]},"_coverageSchema":"1a1c01bbd47fc00a2c39e90264f33305004495a9","hash":"44bb4fffe9437613735132c50163acf5570bcd0a"}
,"/Users/jun/ShipyardSubsmission/detour/tests/test-utils.tsx": {"path":"/Users/jun/ShipyardSubsmission/detour/tests/test-utils.tsx","statementMap":{"0":{"start":{"line":8,"column":23},"end":{"line":11,"column":1}},"1":{"start":{"line":14,"column":18},"end":{"line":16,"column":3}},"2":{"start":{"line":15,"column":4},"end":{"line":15,"column":83}},"3":{"start":{"line":18,"column":2},"end":{"line":18,"column":54}}},"fnMap":{"0":{"name":"renderWithProviders","decl":{"start":{"line":13,"column":16},"end":{"line":13,"column":35}},"loc":{"start":{"line":13,"column":79},"end":{"line":19,"column":1}},"line":13},"1":{"name":"(anonymous_1)","decl":{"start":{"line":14,"column":18},"end":{"line":14,"column":19}},"loc":{"start":{"line":15,"column":4},"end":{"line":15,"column":83}},"line":15}},"branchMap":{},"s":{"0":6,"1":24,"2":25,"3":24},"f":{"0":24,"1":25},"b":{},"_coverageSchema":"1a1c01bbd47fc00a2c39e90264f33305004495a9","hash":"e81eea970d6e5b085da9b151cddd79b63cd076a1"}
}
