TN:
SF:components/ui/Button.tsx
FN:15,Button
FN:25,(anonymous_1)
FNF:2
FNH:2
FNDA:2,Button
FNDA:1,(anonymous_1)
DA:25,2
DA:26,1
DA:27,1
DA:29,1
DA:32,2
DA:38,2
DA:44,2
DA:45,0
DA:81,2
DA:82,2
DA:117,0
DA:123,0
DA:129,0
LF:13
LH:9
BRDA:18,0,0,2
BRDA:19,1,0,2
BRDA:20,2,0,2
BRDA:21,3,0,2
BRDA:23,4,0,2
BRDA:26,5,0,1
BRDA:26,5,1,0
BRDA:44,6,0,0
BRDA:44,6,1,2
BRDA:48,7,0,0
BRDA:48,7,1,0
BRDA:51,8,0,0
BRDA:51,8,1,0
BRDA:57,9,0,0
BRDA:57,9,1,0
BRDA:61,10,0,0
BRDA:61,10,1,0
BRDA:81,11,0,2
BRDA:81,11,1,0
BRDA:85,12,0,2
BRDA:85,12,1,2
BRDA:88,13,0,2
BRDA:88,13,1,0
BRDA:97,14,0,0
BRDA:97,14,1,2
BRDA:106,15,0,0
BRDA:106,15,1,2
BRDA:132,16,0,0
BRDA:132,16,1,0
BRDA:139,17,0,0
BRDA:139,17,1,0
BRDA:140,18,0,0
BRDA:140,18,1,0
BRDA:145,19,0,0
BRDA:145,19,1,0
BRDA:146,20,0,0
BRDA:146,20,1,0
BRF:37
BRH:13
end_of_record
TN:
SF:components/ui/Input.tsx
FN:16,Input
FNF:1
FNH:1
FNDA:6,Input
DA:28,6
LF:1
LH:1
BRDA:21,0,0,6
BRDA:22,1,0,6
BRDA:24,2,0,6
BRDA:25,3,0,6
BRDA:30,4,0,6
BRDA:30,4,1,1
BRDA:49,5,0,6
BRDA:49,5,1,1
BRDA:76,6,0,0
BRDA:76,6,1,6
BRDA:77,7,0,0
BRDA:77,7,1,6
BRF:12
BRH:10
end_of_record
TN:
SF:components/ui/OnboardingLayout.tsx
FN:20,OnboardingLayout
FN:40,(anonymous_1)
FNF:2
FNH:1
FNDA:6,OnboardingLayout
FNDA:0,(anonymous_1)
DA:32,6
DA:35,6
DA:40,0
DA:106,6
LF:4
LH:3
BRDA:25,0,0,5
BRDA:26,1,0,6
BRDA:27,2,0,6
BRDA:29,3,0,6
BRDA:38,4,0,6
BRDA:38,4,1,0
BRDA:49,5,0,6
BRDA:49,5,1,1
BRDA:55,6,0,0
BRDA:55,6,1,6
BRDA:75,7,0,6
BRDA:75,7,1,1
BRDA:85,8,0,0
BRDA:85,8,1,6
BRDA:98,9,0,6
BRDA:98,9,1,1
BRDA:114,10,0,6
BRDA:114,10,1,0
BRF:18
BRH:14
end_of_record
TN:
SF:components/ui/ProgressBar.tsx
FN:9,ProgressBar
FNF:1
FNH:1
FNDA:5,ProgressBar
DA:10,5
DA:12,5
LF:2
LH:2
BRF:0
BRH:0
end_of_record
TN:
SF:components/ui/SelectionChip.tsx
FN:11,SelectionChip
FNF:1
FNH:1
FNDA:6,SelectionChip
DA:11,1
DA:12,6
LF:2
LH:2
BRDA:16,0,0,2
BRDA:16,0,1,4
BRDA:21,1,0,2
BRDA:21,1,1,4
BRDA:25,2,0,1
BRDA:25,2,1,5
BRF:6
BRH:6
end_of_record
TN:
SF:context/RevenueCatContext.tsx
FN:32,(anonymous_0)
FN:42,RevenueCatProvider
FN:50,(anonymous_2)
FN:80,(anonymous_3)
FN:84,(anonymous_4)
FN:91,(anonymous_5)
FN:102,(anonymous_6)
FN:117,(anonymous_7)
FN:121,(anonymous_8)
FN:125,(anonymous_9)
FN:129,(anonymous_10)
FN:134,(anonymous_11)
FN:145,(anonymous_12)
FN:156,(anonymous_13)
FN:168,(anonymous_14)
FN:179,(anonymous_15)
FN:188,(anonymous_16)
FN:193,(anonymous_17)
FN:226,useRevenueCat
FNF:19
FNH:11
FNDA:6,(anonymous_0)
FNDA:12,RevenueCatProvider
FNDA:6,(anonymous_2)
FNDA:0,(anonymous_3)
FNDA:0,(anonymous_4)
FNDA:3,(anonymous_5)
FNDA:3,(anonymous_6)
FNDA:6,(anonymous_7)
FNDA:3,(anonymous_8)
FNDA:0,(anonymous_9)
FNDA:3,(anonymous_10)
FNDA:0,(anonymous_11)
FNDA:0,(anonymous_12)
FNDA:0,(anonymous_13)
FNDA:0,(anonymous_14)
FNDA:0,(anonymous_15)
FNDA:6,(anonymous_16)
FNDA:12,(anonymous_17)
FNDA:10,useRevenueCat
DA:13,1
DA:30,1
DA:32,1
DA:33,6
DA:34,6
DA:36,0
DA:37,0
DA:39,0
DA:43,12
DA:44,12
DA:45,12
DA:46,12
DA:47,12
DA:48,12
DA:50,12
DA:51,6
DA:52,6
DA:54,6
DA:55,6
DA:56,0
DA:57,0
DA:60,6
DA:61,3
DA:62,3
DA:64,3
DA:65,3
DA:69,3
DA:70,3
DA:72,0
DA:74,3
DA:77,3
DA:78,0
DA:79,0
DA:80,0
DA:81,0
DA:84,0
DA:85,0
DA:91,12
DA:92,3
DA:93,3
DA:94,3
DA:95,3
DA:97,0
DA:98,0
DA:102,12
DA:103,3
DA:104,3
DA:105,3
DA:106,3
DA:110,0
DA:111,0
DA:113,0
DA:117,12
DA:118,6
DA:120,3
DA:121,3
DA:122,3
DA:125,3
DA:126,0
DA:128,3
DA:129,3
DA:130,3
DA:134,12
DA:135,0
DA:136,0
DA:137,0
DA:138,0
DA:140,0
DA:141,0
DA:145,12
DA:146,0
DA:147,0
DA:148,0
DA:149,0
DA:151,0
DA:152,0
DA:156,12
DA:157,0
DA:158,0
DA:159,0
DA:161,0
DA:163,0
DA:164,0
DA:168,12
DA:169,0
DA:170,0
DA:174,0
DA:175,0
DA:179,12
DA:180,0
DA:181,0
DA:183,0
DA:187,12
DA:188,6
DA:192,12
DA:193,12
DA:223,12
DA:227,10
DA:228,10
DA:229,2
DA:231,8
LF:101
LH:58
BRDA:33,0,0,6
BRDA:33,0,1,0
BRDA:34,1,0,6
BRDA:34,1,1,0
BRDA:34,1,2,0
BRDA:36,2,0,0
BRDA:36,2,1,0
BRDA:37,3,0,0
BRDA:37,3,1,0
BRDA:37,3,2,0
BRDA:51,4,0,0
BRDA:51,4,1,6
BRDA:52,5,0,0
BRDA:52,5,1,6
BRDA:55,6,0,0
BRDA:55,6,1,6
BRDA:60,7,0,3
BRDA:60,7,1,3
BRDA:61,8,0,3
BRDA:61,8,1,0
BRDA:67,9,0,3
BRDA:67,9,1,0
BRDA:69,10,0,3
BRDA:69,10,1,0
BRDA:77,11,0,0
BRDA:77,11,1,3
BRDA:78,12,0,0
BRDA:78,12,1,0
BRDA:79,13,0,0
BRDA:79,13,1,0
BRDA:110,14,0,0
BRDA:110,14,1,0
BRDA:118,15,0,3
BRDA:118,15,1,3
BRDA:140,16,0,0
BRDA:140,16,1,0
BRDA:158,17,0,0
BRDA:158,17,1,0
BRDA:228,18,0,2
BRDA:228,18,1,8
BRF:40
BRH:15
end_of_record
TN:
SF:hooks/useAuthenticatedUser.ts
FN:5,useAuthenticatedUser
FNF:1
FNH:1
FNDA:6,useAuthenticatedUser
DA:6,6
DA:7,6
DA:10,6
DA:15,6
DA:17,6
LF:5
LH:5
BRDA:12,0,0,3
BRDA:12,0,1,3
BRDA:15,1,0,6
BRDA:15,1,1,5
BRDA:15,1,2,4
BRDA:15,1,3,3
BRDA:18,2,0,6
BRDA:18,2,1,1
BRDA:23,3,0,6
BRDA:23,3,1,4
BRDA:23,3,2,3
BRDA:24,4,0,6
BRDA:24,4,1,5
BRDA:25,5,0,6
BRDA:25,5,1,5
BRF:15
BRH:15
end_of_record
TN:
SF:tests/test-utils.tsx
FN:13,renderWithProviders
FN:14,(anonymous_1)
FNF:2
FNH:2
FNDA:24,renderWithProviders
FNDA:25,(anonymous_1)
DA:8,6
DA:14,24
DA:15,25
DA:18,24
LF:4
LH:4
BRF:0
BRH:0
end_of_record
